<?xml version="1.0" encoding="UTF-8"?>
<!-- Generated by org.testng.reporters.JUnitReportReporter -->
<testsuite hostname="DESKTOP-DQ564GQ" failures="0" tests="1" name="SpringBootApp.GetAllEmployee" time="2.688" errors="0" timestamp="13 Jul 2023 16:16:30 GMT" skipped="0">
  <testcase classname="SpringBootApp.GetAllEmployee" name="test1" time="2.688"/>
</testsuite> <!-- SpringBootApp.GetAllEmployee -->
