<?xml version="1.0" encoding="UTF-8"?>
<!-- Generated by org.testng.reporters.JUnitReportReporter -->
<testsuite hostname="DESKTOP-DQ564GQ" failures="0" tests="1" name="github.DeleteRepo" time="2.500" errors="0" timestamp="14 Jul 2023 04:14:07 GMT" skipped="0">
  <testcase classname="github.DeleteRepo" name="test1" time="2.500"/>
</testsuite> <!-- github.DeleteRepo -->
