<?xml version="1.0" encoding="UTF-8"?>
<!-- Generated by org.testng.reporters.JUnitReportReporter -->
<testsuite hostname="DESKTOP-DQ564GQ" failures="0" tests="1" name="SpringBootApp.PostNewEmployee" time="2.401" errors="0" timestamp="13 Jul 2023 16:14:58 GMT" skipped="0">
  <testcase classname="SpringBootApp.PostNewEmployee" name="test1" time="2.401"/>
</testsuite> <!-- SpringBootApp.PostNewEmployee -->
