<?xml version="1.0" encoding="UTF-8"?>
<!-- Generated by org.testng.reporters.JUnitReportReporter -->
<testsuite hostname="DESKTOP-DQ564GQ" failures="0" tests="1" name="restAPI.PostRequestWithJsonObject" time="1.093" errors="0" timestamp="12 Jul 2023 15:54:08 GMT" skipped="0">
  <testcase classname="restAPI.PostRequestWithJsonObject" name="test1" time="1.093"/>
</testsuite> <!-- restAPI.PostRequestWithJsonObject -->
