<?xml version="1.0" encoding="UTF-8"?>
<!-- Generated by org.testng.reporters.JUnitReportReporter -->
<testsuite hostname="DESKTOP-DQ564GQ" failures="0" tests="1" name="restAPI.GetRequestWithParam" time="3.575" errors="0" timestamp="12 Jul 2023 14:12:04 GMT" skipped="0">
  <testcase classname="restAPI.GetRequestWithParam" name="test1" time="3.575"/>
</testsuite> <!-- restAPI.GetRequestWithParam -->
