<?xml version="1.0" encoding="UTF-8"?>
<!-- Generated by org.testng.reporters.JUnitReportReporter -->
<testsuite hostname="DESKTOP-DQ564GQ" failures="0" tests="2" name="restAPIXML.XMLTest" time="4.184" errors="0" timestamp="17 Jul 2023 14:54:35 GMT" skipped="0">
  <testcase classname="restAPIXML.XMLTest" name="test1" time="2.790"/>
  <testcase classname="restAPIXML.XMLTest" name="test2" time="1.394"/>
</testsuite> <!-- restAPIXML.XMLTest -->
