<?xml version="1.0" encoding="UTF-8"?>
<!-- Generated by org.testng.reporters.JUnitReportReporter -->
<testsuite hostname="DESKTOP-DQ564GQ" failures="0" tests="1" name="restAPI.GetRequest" time="2.192" errors="0" timestamp="07 Jul 2023 08:29:32 GMT" skipped="0">
  <testcase classname="restAPI.GetRequest" name="test1" time="2.192"/>
</testsuite> <!-- restAPI.GetRequest -->
