<?xml version="1.0" encoding="UTF-8"?>
<!-- Generated by org.testng.reporters.JUnitReportReporter -->
<testsuite hostname="DESKTOP-DQ564GQ" failures="0" tests="3" name="restAPIBDD.GetRequestBDD" time="3.728" errors="0" timestamp="16 Jul 2023 09:01:07 GMT" skipped="0">
  <testcase classname="restAPIBDD.GetRequestBDD" name="test1" time="3.564"/>
  <testcase classname="restAPIBDD.GetRequestBDD" name="test2" time="0.061"/>
  <testcase classname="restAPIBDD.GetRequestBDD" name="test3" time="0.103"/>
</testsuite> <!-- restAPIBDD.GetRequestBDD -->
