<?xml version="1.0" encoding="UTF-8"?>
<!-- Generated by org.testng.reporters.JUnitReportReporter -->
<testsuite hostname="DESKTOP-DQ564GQ" failures="0" tests="1" name="restAPI.DeleteRequest" time="2.448" errors="0" timestamp="13 Jul 2023 16:16:13 GMT" skipped="0">
  <testcase classname="restAPI.DeleteRequest" name="test1" time="2.448"/>
</testsuite> <!-- restAPI.DeleteRequest -->
