<?xml version="1.0" encoding="UTF-8"?>
<!-- Generated by org.testng.reporters.JUnitReportReporter -->
<testsuite hostname="DESKTOP-DQ564GQ" failures="0" tests="1" name="restAPI.PutRequest" time="3.082" errors="0" timestamp="13 Jul 2023 15:39:08 GMT" skipped="0">
  <testcase classname="restAPI.PutRequest" name="test1" time="3.082"/>
</testsuite> <!-- restAPI.PutRequest -->
