<?xml version="1.0" encoding="UTF-8"?>
<!-- Generated by org.testng.reporters.JUnitReportReporter -->
<testsuite hostname="DESKTOP-DQ564GQ" failures="0" tests="1" name="restAPI.PostRequest" time="1.214" errors="0" timestamp="12 Jul 2023 15:37:37 GMT" skipped="0">
  <testcase classname="restAPI.PostRequest" name="Test1" time="1.214"/>
</testsuite> <!-- restAPI.PostRequest -->
