<?xml version="1.0" encoding="UTF-8"?>
<!-- Generated by org.testng.reporters.JUnitReportReporter -->
<testsuite hostname="DESKTOP-DQ564GQ" failures="0" tests="1" name="restAPI.PostRequestWithMap" time="1.307" errors="0" timestamp="12 Jul 2023 15:49:37 GMT" skipped="0">
  <testcase classname="restAPI.PostRequestWithMap" name="test1" time="1.307"/>
</testsuite> <!-- restAPI.PostRequestWithMap -->
