<?xml version="1.0" encoding="UTF-8"?>
<!-- Generated by org.testng.reporters.JUnitReportReporter -->
<testsuite hostname="DESKTOP-DQ564GQ" failures="0" tests="1" name="restAPI.GetAlldata" time="3.078" errors="0" timestamp="12 Jul 2023 14:25:10 GMT" skipped="0">
  <testcase classname="restAPI.GetAlldata" name="test1" time="3.078"/>
</testsuite> <!-- restAPI.GetAlldata -->
